[2019-09-21T22:01:40.620] [INFO] repo - Read repository items: C:\Users\ganga\Downloads\arcgis-web-appbuilder-2.13\WebAppBuilderForArcGIS\client\stemapp\widgets
[2019-09-21T22:01:43.065] [INFO] app - Find 6 predfinded apps.
[2019-09-21T22:01:43.066] [INFO] repo - insert HTML.About
[2019-09-21T22:01:43.068] [INFO] repo - insert HTML.AddData
[2019-09-21T22:01:43.069] [INFO] repo - insert HTML.Analysis
[2019-09-21T22:01:43.071] [INFO] repo - insert HTML.AttributeTable
[2019-09-21T22:01:43.072] [INFO] repo - insert HTML.BasemapGallery
[2019-09-21T22:01:43.072] [INFO] repo - insert HTML.BatchAttributeEditor
[2019-09-21T22:01:43.074] [INFO] repo - insert HTML.Bookmark
[2019-09-21T22:01:43.074] [INFO] repo - insert HTML.BusinessAnalyst
[2019-09-21T22:01:43.075] [INFO] repo - insert HTML.Chart
[2019-09-21T22:01:43.075] [INFO] repo - insert HTML.Coordinate
[2019-09-21T22:01:43.076] [INFO] repo - insert HTML.CoordinateConversion
[2019-09-21T22:01:43.077] [INFO] repo - insert HTML.CostAnalysis
[2019-09-21T22:01:43.078] [INFO] repo - insert HTML.DataAggregation
[2019-09-21T22:01:43.079] [INFO] repo - insert HTML.Directions
[2019-09-21T22:01:43.079] [INFO] repo - insert HTML.DistanceAndDirection
[2019-09-21T22:01:43.081] [INFO] repo - insert HTML.DistrictLookup
[2019-09-21T22:01:43.081] [INFO] repo - insert HTML.Draw
[2019-09-21T22:01:43.085] [INFO] repo - insert HTML.Edit
[2019-09-21T22:01:43.087] [INFO] repo - insert HTML.EmergencyResponseGuide
[2019-09-21T22:01:43.087] [INFO] repo - insert HTML.ExtentNavigate
[2019-09-21T22:01:43.088] [INFO] repo - insert HTML.Filter
[2019-09-21T22:01:43.089] [INFO] repo - insert HTML.FullScreen
[2019-09-21T22:01:43.089] [INFO] repo - insert HTML.GeoLookup
[2019-09-21T22:01:43.090] [INFO] repo - insert HTML.Geoprocessing
[2019-09-21T22:01:43.091] [INFO] repo - insert HTML.GriddedReferenceGraphic
[2019-09-21T22:01:43.093] [INFO] repo - insert HTML.GridOverlay
[2019-09-21T22:01:43.094] [INFO] repo - insert HTML.GroupFilter
[2019-09-21T22:01:43.094] [INFO] repo - insert HTML.HomeButton
[2019-09-21T22:01:43.095] [INFO] repo - insert HTML.ImageMeasurement
[2019-09-21T22:01:43.096] [INFO] repo - insert HTML.IncidentAnalysis
[2019-09-21T22:01:43.100] [INFO] repo - insert HTML.Infographic
[2019-09-21T22:01:43.103] [INFO] repo - insert HTML.InfoSummary
[2019-09-21T22:01:43.104] [INFO] repo - insert HTML.LayerList
[2019-09-21T22:01:43.106] [INFO] repo - insert HTML.Legend
[2019-09-21T22:01:43.107] [INFO] repo - insert HTML.Measurement
[2019-09-21T22:01:43.108] [INFO] repo - insert HTML.MyLocation
[2019-09-21T22:01:43.109] [INFO] repo - insert HTML.NearMe
[2019-09-21T22:01:43.110] [INFO] repo - insert HTML.NetworkTrace
[2019-09-21T22:01:43.111] [INFO] repo - insert HTML.ObliqueViewer
[2019-09-21T22:01:43.112] [INFO] repo - insert HTML.OverviewMap
[2019-09-21T22:01:43.116] [INFO] repo - insert HTML.ParcelDrafter
[2019-09-21T22:01:43.117] [INFO] repo - insert HTML.Print
[2019-09-21T22:01:43.122] [INFO] repo - insert HTML.PublicNotification
[2019-09-21T22:01:43.123] [INFO] repo - insert HTML.Query
[2019-09-21T22:01:43.124] [INFO] repo - insert HTML.RelatedTableCharts
[2019-09-21T22:01:43.126] [INFO] repo - insert HTML.ReportFeature
[2019-09-21T22:01:43.129] [INFO] repo - insert HTML.ReviewerDashboard
[2019-09-21T22:01:43.133] [INFO] repo - insert HTML.Scalebar
[2019-09-21T22:01:43.136] [INFO] repo - insert HTML.Screening
[2019-09-21T22:01:43.138] [INFO] repo - insert HTML.Search
[2019-09-21T22:01:43.141] [INFO] repo - insert HTML.Select
[2019-09-21T22:01:43.143] [INFO] repo - insert HTML.Share
[2019-09-21T22:01:43.147] [INFO] repo - insert HTML.SituationAwareness
[2019-09-21T22:01:43.149] [INFO] repo - insert HTML.SmartEditor
[2019-09-21T22:01:43.152] [INFO] repo - insert HTML.Splash
[2019-09-21T22:01:43.154] [INFO] repo - insert HTML.Stream
[2019-09-21T22:01:43.156] [INFO] repo - insert HTML.SuitabilityModeler
[2019-09-21T22:01:43.159] [INFO] repo - insert HTML.Summary
[2019-09-21T22:01:43.163] [INFO] repo - insert HTML.Swipe
[2019-09-21T22:01:43.168] [INFO] repo - insert HTML.ThreatAnalysis
[2019-09-21T22:01:43.171] [INFO] repo - insert HTML.TimeSlider
[2019-09-21T22:01:43.174] [INFO] repo - insert HTML.Visibility
[2019-09-21T22:01:43.175] [INFO] repo - insert HTML.ZoomSlider
[2019-09-21T22:01:43.180] [INFO] repo - Read repository items: C:\Users\ganga\Downloads\arcgis-web-appbuilder-2.13\WebAppBuilderForArcGIS\client\stemapp\themes
[2019-09-21T22:01:44.000] [INFO] repo - insert HTML.PocketTheme
[2019-09-21T22:01:44.014] [INFO] repo - insert HTML.PlateauTheme
[2019-09-21T22:01:44.019] [INFO] repo - insert HTML.LaunchpadTheme
[2019-09-21T22:01:44.023] [INFO] repo - insert HTML.TabTheme
[2019-09-21T22:01:44.027] [INFO] repo - insert HTML.DashboardTheme
[2019-09-21T22:01:44.032] [INFO] repo - insert HTML.BoxTheme
[2019-09-21T22:01:44.036] [INFO] repo - insert HTML.BillboardTheme
[2019-09-21T22:01:44.048] [INFO] repo - insert HTML.JewelryBoxTheme
[2019-09-21T22:01:44.051] [INFO] repo - insert HTML.FoldableTheme
[2019-09-21T22:01:44.055] [INFO] repo - insert HTML.DartTheme
[2019-09-21T22:01:44.057] [INFO] repo - Read repository items: C:\Users\ganga\Downloads\arcgis-web-appbuilder-2.13\WebAppBuilderForArcGIS\client\stemapp3d\widgets
[2019-09-21T22:01:45.230] [INFO] default - No portal URL is set, redirect /webappbuilder to /webappbuilder?action=setportalurl
[2019-09-21T22:01:45.724] [INFO] repo - insert HTML3D.Home
[2019-09-21T22:01:45.729] [INFO] repo - insert HTML3D.Search
[2019-09-21T22:01:45.733] [INFO] repo - insert HTML3D.Measurement3D
[2019-09-21T22:01:45.737] [INFO] repo - insert HTML3D.Coordinate
[2019-09-21T22:01:45.738] [INFO] repo - insert HTML3D.Slides
[2019-09-21T22:01:45.741] [INFO] repo - insert HTML3D.Daylight
[2019-09-21T22:01:45.742] [INFO] repo - insert HTML3D.Share
[2019-09-21T22:01:45.746] [INFO] repo - insert HTML3D.MyLocation
[2019-09-21T22:01:45.747] [INFO] repo - insert HTML3D.LayerList
[2019-09-21T22:01:45.749] [INFO] repo - insert HTML3D.BasemapGallery
[2019-09-21T22:01:45.751] [INFO] repo - insert HTML3D.ZoomSlider
[2019-09-21T22:01:45.756] [INFO] repo - insert HTML3D.About
[2019-09-21T22:01:45.758] [INFO] repo - insert HTML3D.Compass
[2019-09-21T22:01:45.760] [INFO] repo - insert HTML3D.3DFx
[2019-09-21T22:01:45.761] [INFO] repo - insert HTML3D.Splash
[2019-09-21T22:01:45.763] [INFO] repo - insert HTML3D.FullScreen
[2019-09-21T22:01:45.765] [INFO] repo - insert HTML3D.Navigate
[2019-09-21T22:01:45.773] [INFO] repo - insert HTML3D.Legend
[2019-09-21T22:01:45.775] [INFO] repo - Read repository items: C:\Users\ganga\Downloads\arcgis-web-appbuilder-2.13\WebAppBuilderForArcGIS\client\stemapp3d\themes
[2019-09-21T22:01:46.554] [INFO] repo - insert HTML3D.BoxTheme
[2019-09-21T22:01:46.558] [INFO] repo - insert HTML3D.FoldableTheme
[2019-09-21T22:01:46.560] [INFO] repo - insert HTML3D.TabTheme
[2019-09-21T22:01:46.562] [INFO] repo - insert HTML3D.BillboardTheme
[2019-09-21T22:01:46.564] [INFO] repo - insert HTML3D.JewelryBoxTheme
[2019-09-21T22:01:46.567] [INFO] repo - insert HTML3D.DartTheme
[2019-09-21T22:01:46.568] [INFO] repo - insert HTML3D.LaunchpadTheme
[2019-09-21T22:01:46.569] [INFO] repo - insert HTML3D.DashboardTheme
[2019-09-21T22:13:53.462] [INFO] repo - Read repository items: C:\Users\ganga\Downloads\arcgis-web-appbuilder-2.13\WebAppBuilderForArcGIS\client\stemapp\widgets
[2019-09-21T22:13:56.538] [INFO] repo - Read repository items: C:\Users\ganga\Downloads\arcgis-web-appbuilder-2.13\WebAppBuilderForArcGIS\client\stemapp\themes
[2019-09-21T22:13:57.599] [INFO] repo - Read repository items: C:\Users\ganga\Downloads\arcgis-web-appbuilder-2.13\WebAppBuilderForArcGIS\client\stemapp3d\widgets
[2019-09-21T22:13:59.464] [INFO] repo - Read repository items: C:\Users\ganga\Downloads\arcgis-web-appbuilder-2.13\WebAppBuilderForArcGIS\client\stemapp3d\themes
[2019-09-21T22:46:43.743] [DEBUG] utils - copy C:\Users\ganga\Downloads\arcgis-web-appbuilder-2.13\WebAppBuilderForArcGIS\client\stemapp\jimu.js
[2019-09-21T22:46:48.210] [DEBUG] utils - copy C:\Users\ganga\Downloads\arcgis-web-appbuilder-2.13\WebAppBuilderForArcGIS\client\stemapp\images
[2019-09-21T22:46:48.260] [DEBUG] utils - copy C:\Users\ganga\Downloads\arcgis-web-appbuilder-2.13\WebAppBuilderForArcGIS\client\stemapp\libs
[2019-09-21T22:46:48.506] [DEBUG] utils - copy C:\Users\ganga\Downloads\arcgis-web-appbuilder-2.13\WebAppBuilderForArcGIS\client\stemapp\index.html
[2019-09-21T22:46:48.514] [DEBUG] utils - copy C:\Users\ganga\Downloads\arcgis-web-appbuilder-2.13\WebAppBuilderForArcGIS\client\stemapp\env.js
[2019-09-21T22:46:48.521] [DEBUG] utils - copy C:\Users\ganga\Downloads\arcgis-web-appbuilder-2.13\WebAppBuilderForArcGIS\client\stemapp\simpleLoader.js
[2019-09-21T22:46:48.528] [DEBUG] utils - copy C:\Users\ganga\Downloads\arcgis-web-appbuilder-2.13\WebAppBuilderForArcGIS\client\stemapp\init.js
[2019-09-21T22:46:48.540] [DEBUG] utils - copy C:\Users\ganga\Downloads\arcgis-web-appbuilder-2.13\WebAppBuilderForArcGIS\client\stemapp\web.config
[2019-09-21T22:46:48.549] [DEBUG] utils - copy C:\Users\ganga\Downloads\arcgis-web-appbuilder-2.13\WebAppBuilderForArcGIS\client\stemapp\dynamic-modules
[2019-09-21T22:46:48.579] [DEBUG] utils - copy C:\Users\ganga\Downloads\arcgis-web-appbuilder-2.13\WebAppBuilderForArcGIS\client\stemapp\readme.html
[2019-09-21T22:46:48.588] [DEBUG] utils - copy C:\Users\ganga\Downloads\arcgis-web-appbuilder-2.13\WebAppBuilderForArcGIS\client\stemapp\config-readme.txt
[2019-09-21T22:46:48.596] [DEBUG] utils - copy C:\Users\ganga\Downloads\arcgis-web-appbuilder-2.13\WebAppBuilderForArcGIS\client\stemapp\configs
[2019-09-21T22:46:48.634] [DEBUG] utils - copy C:\Users\ganga\Downloads\arcgis-web-appbuilder-2.13\WebAppBuilderForArcGIS\client\stemapp\.jshintrc
[2019-09-21T22:46:48.643] [DEBUG] utils - copy C:\Users\ganga\Downloads\arcgis-web-appbuilder-2.13\WebAppBuilderForArcGIS\client\stemapp\.jshintignore
[2019-09-21T22:46:48.651] [DEBUG] utils - copy C:\Users\ganga\Downloads\arcgis-web-appbuilder-2.13\WebAppBuilderForArcGIS\client\stemapp\3rd-party-license.txt
[2019-09-21T22:46:48.682] [DEBUG] utils - copy C:\Users\ganga\Downloads\arcgis-web-appbuilder-2.13\WebAppBuilderForArcGIS\client\stemapp\themes\FoldableTheme
[2019-09-21T22:46:50.021] [DEBUG] utils - copy C:\Users\ganga\Downloads\arcgis-web-appbuilder-2.13\WebAppBuilderForArcGIS\client\stemapp\widgets\Scalebar
[2019-09-21T22:46:50.616] [DEBUG] utils - copy C:\Users\ganga\Downloads\arcgis-web-appbuilder-2.13\WebAppBuilderForArcGIS\client\stemapp\widgets\Coordinate
[2019-09-21T22:46:51.264] [DEBUG] utils - copy C:\Users\ganga\Downloads\arcgis-web-appbuilder-2.13\WebAppBuilderForArcGIS\client\stemapp\widgets\AttributeTable
[2019-09-21T22:46:52.056] [DEBUG] utils - copy C:\Users\ganga\Downloads\arcgis-web-appbuilder-2.13\WebAppBuilderForArcGIS\client\stemapp\widgets\MyLocation
[2019-09-21T22:46:52.725] [DEBUG] utils - copy C:\Users\ganga\Downloads\arcgis-web-appbuilder-2.13\WebAppBuilderForArcGIS\client\stemapp\widgets\Search
[2019-09-21T22:46:53.357] [DEBUG] utils - copy C:\Users\ganga\Downloads\arcgis-web-appbuilder-2.13\WebAppBuilderForArcGIS\client\stemapp\widgets\ZoomSlider
[2019-09-21T22:46:53.659] [DEBUG] utils - copy C:\Users\ganga\Downloads\arcgis-web-appbuilder-2.13\WebAppBuilderForArcGIS\client\stemapp\widgets\ExtentNavigate
[2019-09-21T22:46:53.939] [DEBUG] utils - copy C:\Users\ganga\Downloads\arcgis-web-appbuilder-2.13\WebAppBuilderForArcGIS\client\stemapp\widgets\HomeButton
[2019-09-21T22:46:54.241] [DEBUG] utils - copy C:\Users\ganga\Downloads\arcgis-web-appbuilder-2.13\WebAppBuilderForArcGIS\client\stemapp\widgets\OverviewMap
[2019-09-21T22:46:54.971] [DEBUG] utils - copy C:\Users\ganga\Downloads\arcgis-web-appbuilder-2.13\WebAppBuilderForArcGIS\client\stemapp\widgets\Splash
[2019-09-21T22:46:55.711] [DEBUG] utils - copy C:\Users\ganga\Downloads\arcgis-web-appbuilder-2.13\WebAppBuilderForArcGIS\client\stemapp\widgets\FullScreen
[2019-09-21T22:46:56.051] [DEBUG] utils - copy C:\Users\ganga\Downloads\arcgis-web-appbuilder-2.13\WebAppBuilderForArcGIS\client\stemapp\widgets\Legend
[2019-09-21T22:46:56.625] [DEBUG] utils - copy C:\Users\ganga\Downloads\arcgis-web-appbuilder-2.13\WebAppBuilderForArcGIS\client\stemapp\widgets\LayerList
[2019-09-21T22:52:56.197] [DEBUG] utils - copy C:\Users\ganga\Downloads\arcgis-web-appbuilder-2.13\WebAppBuilderForArcGIS\client\stemapp\widgets\Directions
[2019-09-21T22:53:11.887] [DEBUG] utils - copy C:\Users\ganga\Downloads\arcgis-web-appbuilder-2.13\WebAppBuilderForArcGIS\client\stemapp\widgets\AddData
[2019-09-21T22:53:57.011] [DEBUG] utils - copy C:\Users\ganga\Downloads\arcgis-web-appbuilder-2.13\WebAppBuilderForArcGIS\client\stemapp\widgets\Filter
